[0mGET /api/v1/user/context/test [33m404[0m 1.430 ms - 163[0m
[0mGET /api/v1/user/context/test [33m404[0m 1.382 ms - 163[0m
[0mGET /api/v1/user/context/test [33m404[0m 2.325 ms - 163[0m
[0mGET /api/v1/user/ [32m200[0m 3.339 ms - 27[0m
[0mGET / [31m500[0m 2.156 ms - 1305[0m
[0mGET / [31m500[0m 1.541 ms - 1305[0m
[0mGET / [31m500[0m 2.339 ms - 1305[0m
[0mGET / [31m500[0m 1.319 ms - 1305[0m
[0mGET / [31m500[0m 1.473 ms - 1305[0m
[0mGET / [31m500[0m 1.522 ms - 1305[0m
[0mGET / [32m200[0m 1.657 ms - 16[0m
[0mGET /api/v1/user/ [36m304[0m 2.554 ms - -[0m
[0mGET /api/v1/user/context [33m404[0m 3.873 ms - 158[0m
[0mGET /api/v1/user/context/test [33m404[0m 1.679 ms - 163[0m
[0mGET /api/v1/user/context/test [32m200[0m 2.778 ms - 27[0m
[0mGET /api/v1/user/ [33m404[0m 2.273 ms - 151[0m
[0mGET /api/v1/user/login/in2 [33m404[0m 2.822 ms - 160[0m
[0mGET /api/v1/user/login/in2 [32m200[0m 2.539 ms - 3[0m
[0mGET / [32m200[0m 1.701 ms - 16[0m
[0mGET /favicon.ico [33m404[0m 0.914 ms - 150[0m
[0mGET /api/v1/user/context/test [32m200[0m 2.661 ms - 27[0m
[0mGET /api/v1/user/context/test [36m304[0m 2.844 ms - -[0m
[0mGET /api/v1/user/context/test [36m304[0m 1.965 ms - -[0m
[0mGET /api/v1/user/context/test [32m200[0m 2.201 ms - 27[0m
[0mGET /favicon.ico [33m404[0m 3.996 ms - 150[0m
[0mPOST /api/v1/user/context/test [33m404[0m 1.423 ms - 164[0m
[0mPOST /api/v1/user/context/test [33m404[0m 1.574 ms - 164[0m
[0mPOST /api/v1/user/context/test [33m404[0m 0.371 ms - 164[0m
[0mGET /api/v1/user/context/ [33m404[0m 1.501 ms - 159[0m
[0mGET /api/v1/user/context&id=no [33m404[0m 1.377 ms - 168[0m
[0mGET /api/v1/user/context/test?email=123&password=45456 [32m200[0m 0.997 ms - 27[0m
[0mGET /api/v1/user/context/test [32m200[0m 2.112 ms - 27[0m
[0mGET /favicon.ico [33m404[0m 3.881 ms - 150[0m
[0mGET / [32m200[0m 2.841 ms - 42[0m
[0mGET /api/v1/user/context/test [32m200[0m 3.141 ms - 188[0m
[0mGET /api/v1/user/context/test [32m200[0m 0.991 ms - 188[0m
[0mGET /api/v1/user/context/test [32m200[0m 1.417 ms - 188[0m
[0mGET /api/v1/user/context/test [32m200[0m 1.043 ms - 188[0m
